<?xml version="1.0" encoding="UTF-8"?>
<!-- Generated by org.testng.reporters.JUnitXMLReporter -->
<testsuite ignored="0" hostname="LAPTOP-08M63BSE" failures="0" tests="3" name="Default test" time="6.676" errors="0" timestamp="2022-02-25T18:27:09 CST">
  <testcase classname="com.sddevops.maven.productactive.DeadlineSeleniumTest" name="addDeadline" time="2.571"/>
  <testcase classname="com.sddevops.maven.productactive.DeadlineSeleniumTest" name="editDeadline" time="2.088"/>
  <testcase classname="com.sddevops.maven.productactive.DeadlineSeleniumTest" name="deleteDeadline" time="1.981"/>
</testsuite> <!-- Default test -->
