<?xml version="1.0" encoding="UTF-8"?>
<!-- Generated by org.testng.reporters.JUnitXMLReporter -->
<testsuite ignored="0" hostname="LAPTOP-08M63BSE" failures="0" tests="3" name="Default test" time="6.961" errors="0" timestamp="2022-02-21T13:42:42 CST">
  <testcase classname="com.sddevops.maven.productactive.DeadlineSeleniumTest" name="addDeadline" time="2.551"/>
  <testcase classname="com.sddevops.maven.productactive.DeadlineSeleniumTest" name="editDeadline" time="2.319"/>
  <testcase classname="com.sddevops.maven.productactive.DeadlineSeleniumTest" name="deleteDeadline" time="2.046"/>
</testsuite> <!-- Default test -->
