<?xml version="1.0" encoding="UTF-8"?>
<testng-results ignored="0" total="3" passed="3" failed="0" skipped="0">
  <reporter-output>
  </reporter-output>
  <suite started-at="2022-02-21T13:42:35 CST" name="Default suite" finished-at="2022-02-21T13:42:42 CST" duration-ms="6961">
    <groups>
    </groups>
    <test started-at="2022-02-21T13:42:35 CST" name="Default test" finished-at="2022-02-21T13:42:42 CST" duration-ms="6961">
      <class name="com.sddevops.maven.productactive.DeadlineSeleniumTest">
        <test-method is-config="true" signature="beforeTest()[pri:0, instance:com.sddevops.maven.productactive.DeadlineSeleniumTest@55f616cf]" started-at="2022-02-21T13:42:35 CST" name="beforeTest" finished-at="2022-02-21T13:42:35 CST" duration-ms="9" status="PASS">
          <reporter-output>
          </reporter-output>
        </test-method> <!-- beforeTest -->
        <test-method signature="addDeadline()[pri:0, instance:com.sddevops.maven.productactive.DeadlineSeleniumTest@55f616cf]" started-at="2022-02-21T13:42:35 CST" name="addDeadline" finished-at="2022-02-21T13:42:37 CST" duration-ms="2551" status="PASS">
          <reporter-output>
          </reporter-output>
        </test-method> <!-- addDeadline -->
        <test-method signature="editDeadline()[pri:1, instance:com.sddevops.maven.productactive.DeadlineSeleniumTest@55f616cf]" started-at="2022-02-21T13:42:37 CST" name="editDeadline" finished-at="2022-02-21T13:42:40 CST" duration-ms="2319" status="PASS">
          <reporter-output>
          </reporter-output>
        </test-method> <!-- editDeadline -->
        <test-method signature="deleteDeadline()[pri:2, instance:com.sddevops.maven.productactive.DeadlineSeleniumTest@55f616cf]" started-at="2022-02-21T13:42:40 CST" name="deleteDeadline" finished-at="2022-02-21T13:42:42 CST" duration-ms="2046" status="PASS">
          <reporter-output>
          </reporter-output>
        </test-method> <!-- deleteDeadline -->
        <test-method is-config="true" signature="afterTest()[pri:0, instance:com.sddevops.maven.productactive.DeadlineSeleniumTest@55f616cf]" started-at="2022-02-21T13:42:42 CST" name="afterTest" finished-at="2022-02-21T13:42:42 CST" duration-ms="0" status="PASS">
          <reporter-output>
          </reporter-output>
        </test-method> <!-- afterTest -->
      </class> <!-- com.sddevops.maven.productactive.DeadlineSeleniumTest -->
    </test> <!-- Default test -->
  </suite> <!-- Default suite -->
</testng-results>
