<?xml version="1.0" encoding="UTF-8"?>
<testng-results ignored="0" total="1" passed="1" failed="0" skipped="0">
  <reporter-output>
  </reporter-output>
  <suite started-at="2022-02-12T15:32:11 SGT" name="Suite" finished-at="2022-02-12T15:32:15 SGT" duration-ms="3981">
    <groups>
    </groups>
    <test started-at="2022-02-12T15:32:11 SGT" name="Test" finished-at="2022-02-12T15:32:15 SGT" duration-ms="3981">
      <class name="com.sddevops.maven.productactive.NewTest">
        <test-method is-config="true" signature="beforeTest()[pri:0, instance:com.sddevops.maven.productactive.NewTest@76ed1b7c]" started-at="2022-02-12T15:32:11 SGT" name="beforeTest" finished-at="2022-02-12T15:32:11 SGT" duration-ms="10" status="PASS">
          <reporter-output>
          </reporter-output>
        </test-method> <!-- beforeTest -->
        <test-method signature="f()[pri:0, instance:com.sddevops.maven.productactive.NewTest@76ed1b7c]" started-at="2022-02-12T15:32:11 SGT" name="f" finished-at="2022-02-12T15:32:15 SGT" duration-ms="3941" status="PASS">
          <reporter-output>
          </reporter-output>
        </test-method> <!-- f -->
        <test-method is-config="true" signature="afterTest()[pri:0, instance:com.sddevops.maven.productactive.NewTest@76ed1b7c]" started-at="2022-02-12T15:32:15 SGT" name="afterTest" finished-at="2022-02-12T15:32:15 SGT" duration-ms="0" status="PASS">
          <reporter-output>
          </reporter-output>
        </test-method> <!-- afterTest -->
      </class> <!-- com.sddevops.maven.productactive.NewTest -->
    </test> <!-- Test -->
  </suite> <!-- Suite -->
</testng-results>
